<?xml version="1.0" encoding="UTF-8"?>
<!-- Generated by org.testng.reporters.JUnitReportReporter -->
<testsuite hostname="himanshu164" name="add_product.add_product_via_seller" tests="1" failures="0" timestamp="10 Nov 2016 13:53:35 GMT" time="0.001" errors="1">
  <testcase name="test_add_product_via_seller" time="0.001" classname="add_product.add_product_via_seller">
    <error type="org.openqa.selenium.WebDriverException" message="Failed to connect to binary FirefoxBinary(/usr/bin/firefox) on port 7055; process output follows: 
ng database with changes to installed add-ons
1478785971006	addons.xpi-utils	DEBUG	Updating add-on states
1478785971007	addons.xpi-utils	DEBUG	Writing add-ons list
1478785971008	addons.xpi	DEBUG	Registering manifest for /usr/lib/firefox/browser/features/webcompat@mozilla.org.xpi
1478785971009	addons.xpi	DEBUG	Calling bootstrap method startup on webcompat@mozilla.org version 1.0
1478785971009	addons.xpi	DEBUG	Registering manifest for /usr/lib/firefox/browser/features/firefox@getpocket.com.xpi
1478785971010	addons.xpi	DEBUG	Calling bootstrap method startup on firefox@getpocket.com version 1.0.4
1478785971011	addons.xpi	DEBUG	Registering manifest for /usr/lib/firefox/browser/features/e10srollout@mozilla.org.xpi
1478785971011	addons.xpi	DEBUG	Calling bootstrap method startup on e10srollout@mozilla.org version 1.3
1478785971011	addons.xpi	DEBUG	Registering manifest for /usr/lib/firefox/browser/extensions/langpack-en-ZA@firefox.mozilla.org.xpi
1478785971012	addons.xpi	DEBUG	Registering manifest for /usr/lib/firefox/browser/extensions/langpack-en-GB@firefox.mozilla.org.xpi
1478785971015	addons.manager	DEBUG	Registering shutdown blocker for XPIProvider
1478785971016	addons.manager	DEBUG	Provider finished startup: XPIProvider
1478785971017	addons.manager	DEBUG	Starting provider: LightweightThemeManager
1478785971017	addons.manager	DEBUG	Registering shutdown blocker for LightweightThemeManager
1478785971017	addons.manager	DEBUG	Provider finished startup: LightweightThemeManager
1478785971018	addons.manager	DEBUG	Starting provider: GMPProvider
1478785971023	addons.manager	DEBUG	Registering shutdown blocker for GMPProvider
1478785971023	addons.manager	DEBUG	Provider finished startup: GMPProvider
1478785971023	addons.manager	DEBUG	Starting provider: PluginProvider
1478785971023	addons.manager	DEBUG	Registering shutdown blocker for PluginProvider
1478785971024	addons.manager	DEBUG	Provider finished startup: PluginProvider
1478785971024	addons.manager	DEBUG	Completed startup sequence
1478785972582	addons.manager	DEBUG	Starting provider: &lt;unnamed-provider&gt;
1478785972583	addons.manager	DEBUG	Registering shutdown blocker for &lt;unnamed-provider&gt;
1478785972583	addons.manager	DEBUG	Provider finished startup: &lt;unnamed-provider&gt;
1478785972586	DeferredSave.extensions.json	DEBUG	Starting write
1478785972668	addons.repository	DEBUG	No addons.json found.
1478785972669	DeferredSave.addons.json	DEBUG	Save changes
1478785972671	DeferredSave.addons.json	DEBUG	Starting timer
1478785972687	addons.manager	DEBUG	Starting provider: PreviousExperimentProvider
1478785972687	addons.manager	DEBUG	Registering shutdown blocker for PreviousExperimentProvider
1478785972687	addons.manager	DEBUG	Provider finished startup: PreviousExperimentProvider
1478785972689	DeferredSave.extensions.json	DEBUG	Write succeeded
1478785972689	addons.xpi-utils	DEBUG	XPI Database saved, setting schema version preference to 17
1478785972879	DeferredSave.addons.json	DEBUG	Starting write
1478785972886	DeferredSave.addons.json	DEBUG	Write succeeded
1478785992596	addons.xpi	DEBUG	Calling bootstrap method shutdown on webcompat@mozilla.org version 1.0
1478785992596	addons.xpi	DEBUG	Calling bootstrap method shutdown on firefox@getpocket.com version 1.0.4
1478785992596	addons.xpi	DEBUG	Calling bootstrap method shutdown on e10srollout@mozilla.org version 1.3
1478785992757	addons.manager	DEBUG	shutdown
1478785992758	addons.manager	DEBUG	Calling shutdown blocker for XPIProvider
1478785992758	addons.xpi	DEBUG	shutdown
1478785992758	addons.xpi-utils	DEBUG	shutdown
1478785992758	addons.manager	DEBUG	Calling shutdown blocker for LightweightThemeManager
1478785992760	addons.manager	DEBUG	Calling shutdown blocker for GMPProvider
1478785992762	addons.manager	DEBUG	Calling shutdown blocker for PluginProvider
1478785992762	addons.manager	DEBUG	Calling shutdown blocker for &lt;unnamed-provider&gt;
1478785992764	addons.manager	DEBUG	Calling shutdown blocker for PreviousExperimentProvider
1478785992766	addons.xpi	DEBUG	Notifying XPI shutdown observers
1478785992770	addons.manager	DEBUG	Async provider shutdown done

Build info: version: &#039;2.48.2&#039;, revision: &#039;41bccdd&#039;, time: &#039;2015-10-09 19:55:52&#039;
System info: host: &#039;himanshu164&#039;, ip: &#039;127.0.1.1&#039;, os.name: &#039;Linux&#039;, os.arch: &#039;amd64&#039;, os.version: &#039;4.4.0-45-generic&#039;, java.version: &#039;1.8.0_101&#039;
Driver info: driver.version: FirefoxDriver">
      <![CDATA[org.openqa.selenium.WebDriverException: Failed to connect to binary FirefoxBinary(/usr/bin/firefox) on port 7055; process output follows: 
ng database with changes to installed add-ons
1478785971006	addons.xpi-utils	DEBUG	Updating add-on states
1478785971007	addons.xpi-utils	DEBUG	Writing add-ons list
1478785971008	addons.xpi	DEBUG	Registering manifest for /usr/lib/firefox/browser/features/webcompat@mozilla.org.xpi
1478785971009	addons.xpi	DEBUG	Calling bootstrap method startup on webcompat@mozilla.org version 1.0
1478785971009	addons.xpi	DEBUG	Registering manifest for /usr/lib/firefox/browser/features/firefox@getpocket.com.xpi
1478785971010	addons.xpi	DEBUG	Calling bootstrap method startup on firefox@getpocket.com version 1.0.4
1478785971011	addons.xpi	DEBUG	Registering manifest for /usr/lib/firefox/browser/features/e10srollout@mozilla.org.xpi
1478785971011	addons.xpi	DEBUG	Calling bootstrap method startup on e10srollout@mozilla.org version 1.3
1478785971011	addons.xpi	DEBUG	Registering manifest for /usr/lib/firefox/browser/extensions/langpack-en-ZA@firefox.mozilla.org.xpi
1478785971012	addons.xpi	DEBUG	Registering manifest for /usr/lib/firefox/browser/extensions/langpack-en-GB@firefox.mozilla.org.xpi
1478785971015	addons.manager	DEBUG	Registering shutdown blocker for XPIProvider
1478785971016	addons.manager	DEBUG	Provider finished startup: XPIProvider
1478785971017	addons.manager	DEBUG	Starting provider: LightweightThemeManager
1478785971017	addons.manager	DEBUG	Registering shutdown blocker for LightweightThemeManager
1478785971017	addons.manager	DEBUG	Provider finished startup: LightweightThemeManager
1478785971018	addons.manager	DEBUG	Starting provider: GMPProvider
1478785971023	addons.manager	DEBUG	Registering shutdown blocker for GMPProvider
1478785971023	addons.manager	DEBUG	Provider finished startup: GMPProvider
1478785971023	addons.manager	DEBUG	Starting provider: PluginProvider
1478785971023	addons.manager	DEBUG	Registering shutdown blocker for PluginProvider
1478785971024	addons.manager	DEBUG	Provider finished startup: PluginProvider
1478785971024	addons.manager	DEBUG	Completed startup sequence
1478785972582	addons.manager	DEBUG	Starting provider: <unnamed-provider>
1478785972583	addons.manager	DEBUG	Registering shutdown blocker for <unnamed-provider>
1478785972583	addons.manager	DEBUG	Provider finished startup: <unnamed-provider>
1478785972586	DeferredSave.extensions.json	DEBUG	Starting write
1478785972668	addons.repository	DEBUG	No addons.json found.
1478785972669	DeferredSave.addons.json	DEBUG	Save changes
1478785972671	DeferredSave.addons.json	DEBUG	Starting timer
1478785972687	addons.manager	DEBUG	Starting provider: PreviousExperimentProvider
1478785972687	addons.manager	DEBUG	Registering shutdown blocker for PreviousExperimentProvider
1478785972687	addons.manager	DEBUG	Provider finished startup: PreviousExperimentProvider
1478785972689	DeferredSave.extensions.json	DEBUG	Write succeeded
1478785972689	addons.xpi-utils	DEBUG	XPI Database saved, setting schema version preference to 17
1478785972879	DeferredSave.addons.json	DEBUG	Starting write
1478785972886	DeferredSave.addons.json	DEBUG	Write succeeded
1478785992596	addons.xpi	DEBUG	Calling bootstrap method shutdown on webcompat@mozilla.org version 1.0
1478785992596	addons.xpi	DEBUG	Calling bootstrap method shutdown on firefox@getpocket.com version 1.0.4
1478785992596	addons.xpi	DEBUG	Calling bootstrap method shutdown on e10srollout@mozilla.org version 1.3
1478785992757	addons.manager	DEBUG	shutdown
1478785992758	addons.manager	DEBUG	Calling shutdown blocker for XPIProvider
1478785992758	addons.xpi	DEBUG	shutdown
1478785992758	addons.xpi-utils	DEBUG	shutdown
1478785992758	addons.manager	DEBUG	Calling shutdown blocker for LightweightThemeManager
1478785992760	addons.manager	DEBUG	Calling shutdown blocker for GMPProvider
1478785992762	addons.manager	DEBUG	Calling shutdown blocker for PluginProvider
1478785992762	addons.manager	DEBUG	Calling shutdown blocker for <unnamed-provider>
1478785992764	addons.manager	DEBUG	Calling shutdown blocker for PreviousExperimentProvider
1478785992766	addons.xpi	DEBUG	Notifying XPI shutdown observers
1478785992770	addons.manager	DEBUG	Async provider shutdown done

Build info: version: '2.48.2', revision: '41bccdd', time: '2015-10-09 19:55:52'
System info: host: 'himanshu164', ip: '127.0.1.1', os.name: 'Linux', os.arch: 'amd64', os.version: '4.4.0-45-generic', java.version: '1.8.0_101'
Driver info: driver.version: FirefoxDriver
	at org.openqa.selenium.firefox.internal.NewProfileExtensionConnection.start(NewProfileExtensionConnection.java:134)
	at org.openqa.selenium.firefox.FirefoxDriver.startClient(FirefoxDriver.java:271)
	at org.openqa.selenium.remote.RemoteWebDriver.<init>(RemoteWebDriver.java:117)
	at org.openqa.selenium.firefox.FirefoxDriver.<init>(FirefoxDriver.java:218)
	at org.openqa.selenium.firefox.FirefoxDriver.<init>(FirefoxDriver.java:211)
	at org.openqa.selenium.firefox.FirefoxDriver.<init>(FirefoxDriver.java:207)
	at org.openqa.selenium.firefox.FirefoxDriver.<init>(FirefoxDriver.java:120)
	at login.openselenium.before_test(openselenium.java:32)
	at sun.reflect.NativeMethodAccessorImpl.invoke0(Native Method)
	at sun.reflect.NativeMethodAccessorImpl.invoke(NativeMethodAccessorImpl.java:62)
	at sun.reflect.DelegatingMethodAccessorImpl.invoke(DelegatingMethodAccessorImpl.java:43)
	at java.lang.reflect.Method.invoke(Method.java:498)
	at org.testng.internal.MethodInvocationHelper.invokeMethod(MethodInvocationHelper.java:85)
	at org.testng.internal.Invoker.invokeConfigurationMethod(Invoker.java:510)
	at org.testng.internal.Invoker.invokeConfigurations(Invoker.java:211)
	at org.testng.internal.Invoker.invokeMethod(Invoker.java:585)
	at org.testng.internal.Invoker.invokeTestMethod(Invoker.java:821)
	at org.testng.internal.Invoker.invokeTestMethods(Invoker.java:1131)
	at org.testng.internal.TestMethodWorker.invokeTestMethods(TestMethodWorker.java:124)
	at org.testng.internal.TestMethodWorker.run(TestMethodWorker.java:108)
	at org.testng.TestRunner.privateRun(TestRunner.java:773)
	at org.testng.TestRunner.run(TestRunner.java:623)
	at org.testng.SuiteRunner.runTest(SuiteRunner.java:357)
	at org.testng.SuiteRunner.runSequentially(SuiteRunner.java:352)
	at org.testng.SuiteRunner.privateRun(SuiteRunner.java:310)
	at org.testng.SuiteRunner.run(SuiteRunner.java:259)
	at org.testng.SuiteRunnerWorker.runSuite(SuiteRunnerWorker.java:52)
	at org.testng.SuiteRunnerWorker.run(SuiteRunnerWorker.java:86)
	at org.testng.TestNG.runSuitesSequentially(TestNG.java:1185)
	at org.testng.TestNG.runSuitesLocally(TestNG.java:1110)
	at org.testng.TestNG.run(TestNG.java:1018)
	at org.testng.remote.AbstractRemoteTestNG.run(AbstractRemoteTestNG.java:132)
	at org.testng.remote.RemoteTestNG.initAndRun(RemoteTestNG.java:236)
	at org.testng.remote.RemoteTestNG.main(RemoteTestNG.java:81)
Caused by: org.openqa.selenium.firefox.NotConnectedException: Unable to connect to host 127.0.0.1 on port 7055 after 45000 ms. Firefox console output:
ng database with changes to installed add-ons
1478785971006	addons.xpi-utils	DEBUG	Updating add-on states
1478785971007	addons.xpi-utils	DEBUG	Writing add-ons list
1478785971008	addons.xpi	DEBUG	Registering manifest for /usr/lib/firefox/browser/features/webcompat@mozilla.org.xpi
1478785971009	addons.xpi	DEBUG	Calling bootstrap method startup on webcompat@mozilla.org version 1.0
1478785971009	addons.xpi	DEBUG	Registering manifest for /usr/lib/firefox/browser/features/firefox@getpocket.com.xpi
1478785971010	addons.xpi	DEBUG	Calling bootstrap method startup on firefox@getpocket.com version 1.0.4
1478785971011	addons.xpi	DEBUG	Registering manifest for /usr/lib/firefox/browser/features/e10srollout@mozilla.org.xpi
1478785971011	addons.xpi	DEBUG	Calling bootstrap method startup on e10srollout@mozilla.org version 1.3
1478785971011	addons.xpi	DEBUG	Registering manifest for /usr/lib/firefox/browser/extensions/langpack-en-ZA@firefox.mozilla.org.xpi
1478785971012	addons.xpi	DEBUG	Registering manifest for /usr/lib/firefox/browser/extensions/langpack-en-GB@firefox.mozilla.org.xpi
1478785971015	addons.manager	DEBUG	Registering shutdown blocker for XPIProvider
1478785971016	addons.manager	DEBUG	Provider finished startup: XPIProvider
1478785971017	addons.manager	DEBUG	Starting provider: LightweightThemeManager
1478785971017	addons.manager	DEBUG	Registering shutdown blocker for LightweightThemeManager
1478785971017	addons.manager	DEBUG	Provider finished startup: LightweightThemeManager
1478785971018	addons.manager	DEBUG	Starting provider: GMPProvider
1478785971023	addons.manager	DEBUG	Registering shutdown blocker for GMPProvider
1478785971023	addons.manager	DEBUG	Provider finished startup: GMPProvider
1478785971023	addons.manager	DEBUG	Starting provider: PluginProvider
1478785971023	addons.manager	DEBUG	Registering shutdown blocker for PluginProvider
1478785971024	addons.manager	DEBUG	Provider finished startup: PluginProvider
1478785971024	addons.manager	DEBUG	Completed startup sequence
1478785972582	addons.manager	DEBUG	Starting provider: <unnamed-provider>
1478785972583	addons.manager	DEBUG	Registering shutdown blocker for <unnamed-provider>
1478785972583	addons.manager	DEBUG	Provider finished startup: <unnamed-provider>
1478785972586	DeferredSave.extensions.json	DEBUG	Starting write
1478785972668	addons.repository	DEBUG	No addons.json found.
1478785972669	DeferredSave.addons.json	DEBUG	Save changes
1478785972671	DeferredSave.addons.json	DEBUG	Starting timer
1478785972687	addons.manager	DEBUG	Starting provider: PreviousExperimentProvider
1478785972687	addons.manager	DEBUG	Registering shutdown blocker for PreviousExperimentProvider
1478785972687	addons.manager	DEBUG	Provider finished startup: PreviousExperimentProvider
1478785972689	DeferredSave.extensions.json	DEBUG	Write succeeded
1478785972689	addons.xpi-utils	DEBUG	XPI Database saved, setting schema version preference to 17
1478785972879	DeferredSave.addons.json	DEBUG	Starting write
1478785972886	DeferredSave.addons.json	DEBUG	Write succeeded
1478785992596	addons.xpi	DEBUG	Calling bootstrap method shutdown on webcompat@mozilla.org version 1.0
1478785992596	addons.xpi	DEBUG	Calling bootstrap method shutdown on firefox@getpocket.com version 1.0.4
1478785992596	addons.xpi	DEBUG	Calling bootstrap method shutdown on e10srollout@mozilla.org version 1.3
1478785992757	addons.manager	DEBUG	shutdown
1478785992758	addons.manager	DEBUG	Calling shutdown blocker for XPIProvider
1478785992758	addons.xpi	DEBUG	shutdown
1478785992758	addons.xpi-utils	DEBUG	shutdown
1478785992758	addons.manager	DEBUG	Calling shutdown blocker for LightweightThemeManager
1478785992760	addons.manager	DEBUG	Calling shutdown blocker for GMPProvider
1478785992762	addons.manager	DEBUG	Calling shutdown blocker for PluginProvider
1478785992762	addons.manager	DEBUG	Calling shutdown blocker for <unnamed-provider>
1478785992764	addons.manager	DEBUG	Calling shutdown blocker for PreviousExperimentProvider
1478785992766	addons.xpi	DEBUG	Notifying XPI shutdown observers
1478785992770	addons.manager	DEBUG	Async provider shutdown done

	at org.openqa.selenium.firefox.internal.NewProfileExtensionConnection.start(NewProfileExtensionConnection.java:122)
	... 33 more
]]>
    </error>
  </testcase> <!-- test_add_product_via_seller -->
</testsuite> <!-- add_product.add_product_via_seller -->
